Unhandled error for request GET /api/Phone: Error: Error trying to ping. Error: transaction returned with failure: Error: The current identity, with the name 'admin' and the identifier '8f0bded5faf525eb38c3b6eea2e1417d006ca19a042ee3e4ecfe31242eb964ad', has not been registered
    at _checkRuntimeVersions.then.catch (/home/g90aaronbyrne/.nvm/versions/node/v8.15.1/lib/node_modules/composer-rest-server/node_modules/composer-connector-hlfv1/lib/hlfconnection.js:886:34)
    at <anonymous>
Unhandled error for request GET /api/Phone: Error: Error trying to ping. Error: transaction returned with failure: Error: The current identity, with the name 'admin' and the identifier '8f0bded5faf525eb38c3b6eea2e1417d006ca19a042ee3e4ecfe31242eb964ad', has not been registered
    at _checkRuntimeVersions.then.catch (/home/g90aaronbyrne/.nvm/versions/node/v8.15.1/lib/node_modules/composer-rest-server/node_modules/composer-connector-hlfv1/lib/hlfconnection.js:886:34)
    at <anonymous>
Unhandled error for request GET /api/Phone: Error: Error trying to ping. Error: transaction returned with failure: Error: The current identity, with the name 'admin' and the identifier '8f0bded5faf525eb38c3b6eea2e1417d006ca19a042ee3e4ecfe31242eb964ad', has not been registered
    at _checkRuntimeVersions.then.catch (/home/g90aaronbyrne/.nvm/versions/node/v8.15.1/lib/node_modules/composer-rest-server/node_modules/composer-connector-hlfv1/lib/hlfconnection.js:886:34)
    at <anonymous>
Unhandled error for request GET /api/Phone: Error: Error trying to ping. Error: transaction returned with failure: Error: The current identity, with the name 'admin' and the identifier '8f0bded5faf525eb38c3b6eea2e1417d006ca19a042ee3e4ecfe31242eb964ad', has not been registered
    at _checkRuntimeVersions.then.catch (/home/g90aaronbyrne/.nvm/versions/node/v8.15.1/lib/node_modules/composer-rest-server/node_modules/composer-connector-hlfv1/lib/hlfconnection.js:886:34)
    at <anonymous>
Treating unknown remoting type "file" as "any"
Treating unknown remoting type "file" as "any"
Unhandled error for request GET /api/Phone: Error: Error trying to ping. Error: transaction returned with failure: Error: The current identity, with the name 'admin' and the identifier '8f0bded5faf525eb38c3b6eea2e1417d006ca19a042ee3e4ecfe31242eb964ad', has not been registered
    at _checkRuntimeVersions.then.catch (/home/g90aaronbyrne/.nvm/versions/node/v8.15.1/lib/node_modules/composer-rest-server/node_modules/composer-connector-hlfv1/lib/hlfconnection.js:886:34)
    at <anonymous>
Unhandled error for request GET /api/Phone: Error: Error trying to ping. Error: transaction returned with failure: Error: The current identity, with the name 'admin' and the identifier '8f0bded5faf525eb38c3b6eea2e1417d006ca19a042ee3e4ecfe31242eb964ad', has not been registered
    at _checkRuntimeVersions.then.catch (/home/g90aaronbyrne/.nvm/versions/node/v8.15.1/lib/node_modules/composer-rest-server/node_modules/composer-connector-hlfv1/lib/hlfconnection.js:886:34)
    at <anonymous>
Unhandled error for request GET /api/system/ping: Error: Error trying to ping. Error: transaction returned with failure: Error: The current identity, with the name 'admin' and the identifier '8f0bded5faf525eb38c3b6eea2e1417d006ca19a042ee3e4ecfe31242eb964ad', has not been registered
    at _checkRuntimeVersions.then.catch (/home/g90aaronbyrne/.nvm/versions/node/v8.15.1/lib/node_modules/composer-rest-server/node_modules/composer-connector-hlfv1/lib/hlfconnection.js:886:34)
    at <anonymous>
Unhandled error for request GET /api/system/ping: Error: Error trying to ping. Error: transaction returned with failure: Error: The current identity, with the name 'admin' and the identifier '8f0bded5faf525eb38c3b6eea2e1417d006ca19a042ee3e4ecfe31242eb964ad', has not been registered
    at _checkRuntimeVersions.then.catch (/home/g90aaronbyrne/.nvm/versions/node/v8.15.1/lib/node_modules/composer-rest-server/node_modules/composer-connector-hlfv1/lib/hlfconnection.js:886:34)
    at <anonymous>
